<?xml version="1.0" encoding="UTF-8"?>
<testng-results ignored="0" total="1" passed="1" failed="0" skipped="0">
  <reporter-output>
    <line>
      <![CDATA[URL entered is Proper]]>
    </line>
    <line>
      <![CDATA[Home page Title is properly entered]]>
    </line>
    <line>
      <![CDATA[actualFromStation is properly entered]]>
    </line>
    <line>
      <![CDATA[actualToStation is properly entered]]>
    </line>
    <line>
      <![CDATA[Date is properly entered]]>
    </line>
    <line>
      <![CDATA[Navigated to next page]]>
    </line>
  </reporter-output>
  <suite started-at="2021-12-09T17:41:32 IST" name="Default suite" finished-at="2021-12-09T17:42:06 IST" duration-ms="34280">
    <groups>
    </groups>
    <test started-at="2021-12-09T17:41:32 IST" name="Default test" finished-at="2021-12-09T17:42:06 IST" duration-ms="34280">
      <class name="Test.Sample_Maven_ELF26.RegisterTest">
        <test-method is-config="true" signature="openBrowser()[pri:0, instance:Test.Sample_Maven_ELF26.RegisterTest@5b1669c0]" started-at="2021-12-09T17:41:32 IST" name="openBrowser" finished-at="2021-12-09T17:41:59 IST" duration-ms="26484" status="PASS">
          <reporter-output>
          </reporter-output>
        </test-method> <!-- openBrowser -->
        <test-method signature="transport()[pri:0, instance:Test.Sample_Maven_ELF26.RegisterTest@5b1669c0]" started-at="2021-12-09T17:41:59 IST" name="transport" finished-at="2021-12-09T17:42:02 IST" duration-ms="3552" status="PASS">
          <reporter-output>
            <line>
              <![CDATA[URL entered is Proper]]>
            </line>
            <line>
              <![CDATA[Home page Title is properly entered]]>
            </line>
            <line>
              <![CDATA[actualFromStation is properly entered]]>
            </line>
            <line>
              <![CDATA[actualToStation is properly entered]]>
            </line>
            <line>
              <![CDATA[Date is properly entered]]>
            </line>
            <line>
              <![CDATA[Navigated to next page]]>
            </line>
          </reporter-output>
        </test-method> <!-- transport -->
        <test-method is-config="true" signature="closeBrowser()[pri:0, instance:Test.Sample_Maven_ELF26.RegisterTest@5b1669c0]" started-at="2021-12-09T17:42:02 IST" name="closeBrowser" finished-at="2021-12-09T17:42:06 IST" duration-ms="4189" status="PASS">
          <reporter-output>
          </reporter-output>
        </test-method> <!-- closeBrowser -->
      </class> <!-- Test.Sample_Maven_ELF26.RegisterTest -->
    </test> <!-- Default test -->
  </suite> <!-- Default suite -->
</testng-results>
